# JRE version: OpenJDK Runtime Environment (21.0.8) (build 21.0.8+-14196175-b1038.72)
# Java VM: OpenJDK 64-Bit Server VM (21.0.8+-14196175-b1038.72, mixed mode, tiered, compressed oops, compressed class ptrs, g1 gc, windows-amd64)
GC Precious Log:
 CardTable entry size: 512
 Card Set container configuration: InlinePtr #cards 5 size 8 Array Of Cards #cards 12 size 40 Howl #buckets 4 coarsen threshold 1843 Howl Bitmap #cards 512 size 80 coarsen threshold 460 Card regions per heap region 1 cards per card region 2048
 CPUs: 12 total, 12 available
 Memory: 15711M
 Large Page Support: Disabled
 NUMA Support: Disabled
 Compressed Oops: Enabled (32-bit)
 Heap Region Size: 1M
 Heap Min Capacity: 8M
 Heap Initial Capacity: 246M
 Heap Max Capacity: 2G
 Pre-touch: Disabled
 Parallel Workers: 10
 Concurrent Workers: 3
 Concurrent Refinement Workers: 10
 Periodic GC: Disabled
Heap:
 garbage-first heap   total 222208K, used 173821K [0x0000000080000000, 0x0000000100000000)
  region size 1024K, 30 young (30720K), 5 survivors (5120K)
 Metaspace       used 120955K, committed 123264K, reserved 1179648K
  class space    used 17059K, committed 18176K, reserved 1048576K
GC Heap History (20 events):
Event: 10.681 GC heap before
{Heap before GC invocations=38 (full 0):
 garbage-first heap   total 184320K, used 166197K [0x0000000080000000, 0x0000000100000000)
  region size 1024K, 72 young (73728K), 8 survivors (8192K)
 Metaspace       used 110994K, committed 113152K, reserved 1179648K
  class space    used 15741K, committed 16768K, reserved 1048576K
}
Event: 10.687 GC heap after
{Heap after GC invocations=39 (full 0):
 garbage-first heap   total 184320K, used 103550K [0x0000000080000000, 0x0000000100000000)
  region size 1024K, 7 young (7168K), 7 survivors (7168K)
 Metaspace       used 110994K, committed 113152K, reserved 1179648K
  class space    used 15741K, committed 16768K, reserved 1048576K
}
Event: 11.346 GC heap before
{Heap before GC invocations=40 (full 0):
 garbage-first heap   total 184320K, used 167038K [0x0000000080000000, 0x0000000100000000)
  region size 1024K, 69 young (70656K), 7 survivors (7168K)
 Metaspace       used 115285K, committed 117504K, reserved 1179648K
  class space    used 16353K, committed 17408K, reserved 1048576K
}
Event: 11.353 GC heap after
{Heap after GC invocations=41 (full 0):
 garbage-first heap   total 184320K, used 108680K [0x0000000080000000, 0x0000000100000000)
  region size 1024K, 8 young (8192K), 8 survivors (8192K)
 Metaspace       used 115285K, committed 117504K, reserved 1179648K
  class space    used 16353K, committed 17408K, reserved 1048576K
}
Event: 11.806 GC heap before
{Heap before GC invocations=41 (full 0):
 garbage-first heap   total 184320K, used 165000K [0x0000000080000000, 0x0000000100000000)
  region size 1024K, 64 young (65536K), 8 survivors (8192K)
 Metaspace       used 116542K, committed 118784K, reserved 1179648K
  class space    used 16559K, committed 17664K, reserved 1048576K
}
Event: 11.819 GC heap after
{Heap after GC invocations=42 (full 0):
 garbage-first heap   total 185344K, used 116853K [0x0000000080000000, 0x0000000100000000)
  region size 1024K, 8 young (8192K), 8 survivors (8192K)
 Metaspace       used 116542K, committed 118784K, reserved 1179648K
  class space    used 16559K, committed 17664K, reserved 1048576K
}
Event: 12.261 GC heap before
{Heap before GC invocations=42 (full 0):
 garbage-first heap   total 185344K, used 164981K [0x0000000080000000, 0x0000000100000000)
  region size 1024K, 56 young (57344K), 8 survivors (8192K)
 Metaspace       used 117824K, committed 120064K, reserved 1179648K
  class space    used 16711K, committed 17792K, reserved 1048576K
}
Event: 12.269 GC heap after
{Heap after GC invocations=43 (full 0):
 garbage-first heap   total 185344K, used 123643K [0x0000000080000000, 0x0000000100000000)
  region size 1024K, 7 young (7168K), 7 survivors (7168K)
 Metaspace       used 117824K, committed 120064K, reserved 1179648K
  class space    used 16711K, committed 17792K, reserved 1048576K
}
Event: 12.621 GC heap before
{Heap before GC invocations=44 (full 0):
 garbage-first heap   total 208896K, used 164603K [0x0000000080000000, 0x0000000100000000)
  region size 1024K, 48 young (49152K), 7 survivors (7168K)
 Metaspace       used 118404K, committed 120640K, reserved 1179648K
  class space    used 16818K, committed 17920K, reserved 1048576K
}
Event: 12.627 GC heap after
{Heap after GC invocations=45 (full 0):
 garbage-first heap   total 208896K, used 125996K [0x0000000080000000, 0x0000000100000000)
  region size 1024K, 3 young (3072K), 3 survivors (3072K)
 Metaspace       used 118404K, committed 120640K, reserved 1179648K
  class space    used 16818K, committed 17920K, reserved 1048576K
}
Event: 13.021 GC heap before
{Heap before GC invocations=45 (full 0):
 garbage-first heap   total 208896K, used 190508K [0x0000000080000000, 0x0000000100000000)
  region size 1024K, 67 young (68608K), 3 survivors (3072K)
 Metaspace       used 118858K, committed 121088K, reserved 1179648K
  class space    used 16868K, committed 17920K, reserved 1048576K
}
Event: 13.027 GC heap after
{Heap after GC invocations=46 (full 0):
 garbage-first heap   total 208896K, used 129355K [0x0000000080000000, 0x0000000100000000)
  region size 1024K, 6 young (6144K), 6 survivors (6144K)
 Metaspace       used 118858K, committed 121088K, reserved 1179648K
  class space    used 16868K, committed 17920K, reserved 1048576K
}
Event: 13.257 GC heap before
{Heap before GC invocations=46 (full 0):
 garbage-first heap   total 208896K, used 189771K [0x0000000080000000, 0x0000000100000000)
  region size 1024K, 66 young (67584K), 6 survivors (6144K)
 Metaspace       used 119047K, committed 121280K, reserved 1179648K
  class space    used 16893K, committed 17984K, reserved 1048576K
}
Event: 13.263 GC heap after
{Heap after GC invocations=47 (full 0):
 garbage-first heap   total 208896K, used 132333K [0x0000000080000000, 0x0000000100000000)
  region size 1024K, 7 young (7168K), 7 survivors (7168K)
 Metaspace       used 119047K, committed 121280K, reserved 1179648K
  class space    used 16893K, committed 17984K, reserved 1048576K
}
Event: 23.296 GC heap before
{Heap before GC invocations=48 (full 0):
 garbage-first heap   total 222208K, used 188653K [0x0000000080000000, 0x0000000100000000)
  region size 1024K, 62 young (63488K), 7 survivors (7168K)
 Metaspace       used 120177K, committed 122432K, reserved 1179648K
  class space    used 17052K, committed 18176K, reserved 1048576K
}
Event: 23.302 GC heap after
{Heap after GC invocations=49 (full 0):
 garbage-first heap   total 222208K, used 135811K [0x0000000080000000, 0x0000000100000000)
  region size 1024K, 7 young (7168K), 7 survivors (7168K)
 Metaspace       used 120177K, committed 122432K, reserved 1179648K
  class space    used 17052K, committed 18176K, reserved 1048576K
}
Event: 23.906 GC heap before
{Heap before GC invocations=49 (full 0):
 garbage-first heap   total 222208K, used 201347K [0x0000000080000000, 0x0000000100000000)
  region size 1024K, 71 young (72704K), 7 survivors (7168K)
 Metaspace       used 120615K, committed 122880K, reserved 1179648K
  class space    used 17054K, committed 18176K, reserved 1048576K
}
Event: 23.915 GC heap after
{Heap after GC invocations=50 (full 0):
 garbage-first heap   total 222208K, used 143584K [0x0000000080000000, 0x0000000100000000)
  region size 1024K, 9 young (9216K), 9 survivors (9216K)
 Metaspace       used 120615K, committed 122880K, reserved 1179648K
  class space    used 17054K, committed 18176K, reserved 1048576K
}
Event: 143.426 GC heap before
{Heap before GC invocations=50 (full 0):
 garbage-first heap   total 222208K, used 199904K [0x0000000080000000, 0x0000000100000000)
  region size 1024K, 64 young (65536K), 9 survivors (9216K)
 Metaspace       used 120895K, committed 123200K, reserved 1179648K
  class space    used 17059K, committed 18176K, reserved 1048576K
}
Event: 143.436 GC heap after
{Heap after GC invocations=51 (full 0):
 garbage-first heap   total 222208K, used 149245K [0x0000000080000000, 0x0000000100000000)
  region size 1024K, 5 young (5120K), 5 survivors (5120K)
 Metaspace       used 120895K, committed 123200K, reserved 1179648K
  class space    used 17059K, committed 18176K, reserved 1048576K
}

